[debug] [2025-08-13T00:50:50.748Z] ----------------------------------------------------------------------
[debug] [2025-08-13T00:50:50.750Z] Command:       C:\Program Files\nodejs\node.exe C:\Users\legna\AppData\Roaming\npm\node_modules\firebase-tools\lib\bin\firebase.js deploy
[debug] [2025-08-13T00:50:50.750Z] CLI Version:   14.11.2
[debug] [2025-08-13T00:50:50.750Z] Platform:      win32
[debug] [2025-08-13T00:50:50.750Z] Node Version:  v22.17.1
[debug] [2025-08-13T00:50:50.751Z] Time:          Tue Aug 12 2025 21:50:50 GMT-0300 (Horário Padrão de Brasília)
[debug] [2025-08-13T00:50:50.751Z] ----------------------------------------------------------------------
[debug] 
[debug] [2025-08-13T00:50:50.941Z] > command requires scopes: ["email","openid","https://www.googleapis.com/auth/cloudplatformprojects.readonly","https://www.googleapis.com/auth/firebase","https://www.googleapis.com/auth/cloud-platform"]
[debug] [2025-08-13T00:50:50.941Z] > authorizing via signed-in user (legnamegusta@gmail.com)
[debug] [2025-08-13T00:50:50.942Z] [iam] checking project brancofilmcv for permissions ["datastore.indexes.create","datastore.indexes.delete","datastore.indexes.list","datastore.indexes.update","firebase.projects.get","firebasehosting.sites.update","firebaserules.releases.create","firebaserules.releases.update","firebaserules.rulesets.create"]
[debug] [2025-08-13T00:50:50.942Z] Checked if tokens are valid: true, expires at: 1755047846846
[debug] [2025-08-13T00:50:50.943Z] Checked if tokens are valid: true, expires at: 1755047846846
[debug] [2025-08-13T00:50:50.943Z] >>> [apiv2][query] POST https://cloudresourcemanager.googleapis.com/v1/projects/brancofilmcv:testIamPermissions [none]
[debug] [2025-08-13T00:50:50.943Z] >>> [apiv2][(partial)header] POST https://cloudresourcemanager.googleapis.com/v1/projects/brancofilmcv:testIamPermissions x-goog-quota-user=projects/brancofilmcv
[debug] [2025-08-13T00:50:50.943Z] >>> [apiv2][body] POST https://cloudresourcemanager.googleapis.com/v1/projects/brancofilmcv:testIamPermissions {"permissions":["datastore.indexes.create","datastore.indexes.delete","datastore.indexes.list","datastore.indexes.update","firebase.projects.get","firebasehosting.sites.update","firebaserules.releases.create","firebaserules.releases.update","firebaserules.rulesets.create"]}
[debug] [2025-08-13T00:50:51.870Z] <<< [apiv2][status] POST https://cloudresourcemanager.googleapis.com/v1/projects/brancofilmcv:testIamPermissions 200
[debug] [2025-08-13T00:50:51.870Z] <<< [apiv2][body] POST https://cloudresourcemanager.googleapis.com/v1/projects/brancofilmcv:testIamPermissions {"permissions":["datastore.indexes.create","datastore.indexes.delete","datastore.indexes.list","datastore.indexes.update","firebase.projects.get","firebasehosting.sites.update","firebaserules.releases.create","firebaserules.releases.update","firebaserules.rulesets.create"]}
[debug] [2025-08-13T00:50:51.871Z] Checked if tokens are valid: true, expires at: 1755047846846
[debug] [2025-08-13T00:50:51.871Z] Checked if tokens are valid: true, expires at: 1755047846846
[debug] [2025-08-13T00:50:51.871Z] >>> [apiv2][query] GET https://firebase.googleapis.com/v1beta1/projects/brancofilmcv [none]
[debug] [2025-08-13T00:50:52.341Z] <<< [apiv2][status] GET https://firebase.googleapis.com/v1beta1/projects/brancofilmcv 200
[debug] [2025-08-13T00:50:52.341Z] <<< [apiv2][body] GET https://firebase.googleapis.com/v1beta1/projects/brancofilmcv {"projectId":"brancofilmcv","projectNumber":"513537369615","displayName":"brancofilmcv","name":"projects/brancofilmcv","resources":{"hostingSite":"brancofilmcv"},"state":"ACTIVE","etag":"1_1f4ba116-4a9e-4490-a44e-174a4a0a08af"}
[debug] [2025-08-13T00:50:54.274Z] Checked if tokens are valid: true, expires at: 1755047846846
[debug] [2025-08-13T00:50:54.274Z] Checked if tokens are valid: true, expires at: 1755047846846
[debug] [2025-08-13T00:50:54.274Z] >>> [apiv2][query] GET https://firebasehosting.googleapis.com/v1beta1/projects/brancofilmcv/sites pageToken=&pageSize=10
[debug] [2025-08-13T00:50:55.379Z] <<< [apiv2][status] GET https://firebasehosting.googleapis.com/v1beta1/projects/brancofilmcv/sites 200
[debug] [2025-08-13T00:50:55.380Z] <<< [apiv2][body] GET https://firebasehosting.googleapis.com/v1beta1/projects/brancofilmcv/sites {"sites":[{"name":"projects/brancofilmcv/sites/brancofilmcv","defaultUrl":"https://brancofilmcv.web.app","appId":"1:513537369615:web:6cfec35394b5852857e57a","type":"DEFAULT_SITE"}]}
[debug] [2025-08-13T00:50:55.380Z] Checked if tokens are valid: true, expires at: 1755047846846
[debug] [2025-08-13T00:50:55.380Z] Checked if tokens are valid: true, expires at: 1755047846846
[debug] [2025-08-13T00:50:55.380Z] >>> [apiv2][query] GET https://firebase.googleapis.com/v1beta1/projects/-/webApps/1:513537369615:web:6cfec35394b5852857e57a/config [none]
[debug] [2025-08-13T00:50:56.374Z] <<< [apiv2][status] GET https://firebase.googleapis.com/v1beta1/projects/-/webApps/1:513537369615:web:6cfec35394b5852857e57a/config 200
[debug] [2025-08-13T00:50:56.374Z] <<< [apiv2][body] GET https://firebase.googleapis.com/v1beta1/projects/-/webApps/1:513537369615:web:6cfec35394b5852857e57a/config {"projectId":"brancofilmcv","appId":"1:513537369615:web:6cfec35394b5852857e57a","storageBucket":"brancofilmcv.firebasestorage.app","apiKey":"AIzaSyAaaXxKG4BwAKIBdDk0vrSNsQzK8BbWIA0","authDomain":"brancofilmcv.firebaseapp.com","messagingSenderId":"513537369615"}
[info] 
   Thank you for trying our early preview of Next.js support on Firebase Hosting.
   During the preview, support is best-effort and breaking changes can be expected. Proceed with caution.

   Documentation: https://firebase.google.com/docs/hosting/frameworks/nextjs
   File a bug: https://github.com/firebase/firebase-tools/issues/new?template=bug_report.md
   Submit a feature request: https://github.com/firebase/firebase-tools/issues/new?template=feature_request.md

   We'd love to learn from you. Express your interest in helping us shape the future of Firebase Hosting: https://goo.gle/41enW5X

[debug] [2025-08-13T00:51:01.006Z] Checked if tokens are valid: true, expires at: 1755047846846
[debug] [2025-08-13T00:51:01.006Z] Checked if tokens are valid: true, expires at: 1755047846846
[debug] [2025-08-13T00:51:01.006Z] >>> [apiv2][query] GET https://firebasehosting.googleapis.com/v1beta1/projects/brancofilmcv/sites/brancofilmcv [none]
[debug] [2025-08-13T00:51:01.982Z] <<< [apiv2][status] GET https://firebasehosting.googleapis.com/v1beta1/projects/brancofilmcv/sites/brancofilmcv 200
[debug] [2025-08-13T00:51:01.982Z] <<< [apiv2][body] GET https://firebasehosting.googleapis.com/v1beta1/projects/brancofilmcv/sites/brancofilmcv {"name":"projects/brancofilmcv/sites/brancofilmcv","defaultUrl":"https://brancofilmcv.web.app","appId":"1:513537369615:web:6cfec35394b5852857e57a","type":"DEFAULT_SITE"}
[info]   ▲ Next.js 14.2.16

[info]   - Environments: .env.local


[info]    Creating an optimized production build ...

[info]  ✓ Compiled successfully

[info]    Skipping validation of types

[info]    Skipping linting

[info]    Collecting page data ...

[info]    Generating static pages (0/14) ...

[info] TypeError: e is not a function
    at N (C:\Users\legna\OneDrive\Documentos\Apps\oficina-insufilm\.next\server\app\users\page.js:1:3919)
    at nj (C:\Users\legna\OneDrive\Documentos\Apps\oficina-insufilm\node_modules\next\dist\compiled\next-server\app-page.runtime.prod.js:12:46251)
    at nM (C:\Users\legna\OneDrive\Documentos\Apps\oficina-insufilm\node_modules\next\dist\compiled\next-server\app-page.runtime.prod.js:12:47571)
    at nN (C:\Users\legna\OneDrive\Documentos\Apps\oficina-insufilm\node_modules\next\dist\compiled\next-server\app-page.runtime.prod.js:12:64546)
    at nI (C:\Users\legna\OneDrive\Documentos\Apps\oficina-insufilm\node_modules\next\dist\compiled\next-server\app-page.runtime.prod.js:12:47010)
    at nM (C:\Users\legna\OneDrive\Documentos\Apps\oficina-insufilm\node_modules\next\dist\compiled\next-server\app-page.runtime.prod.js:12:47717)
    at nM (C:\Users\legna\OneDrive\Documentos\Apps\oficina-insufilm\node_modules\next\dist\compiled\next-server\app-page.runtime.prod.js:12:61546)
    at nN (C:\Users\legna\OneDrive\Documentos\Apps\oficina-insufilm\node_modules\next\dist\compiled\next-server\app-page.runtime.prod.js:12:64546)
    at nB (C:\Users\legna\OneDrive\Documentos\Apps\oficina-insufilm\node_modules\next\dist\compiled\next-server\app-page.runtime.prod.js:12:67538)
    at nD (C:\Users\legna\OneDrive\Documentos\Apps\oficina-insufilm\node_modules\next\dist\compiled\next-server\app-page.runtime.prod.js:12:66680) {
  digest: '2186104825'
}

Error occurred prerendering page "/users". Read more: https://nextjs.org/docs/messages/prerender-error

TypeError: e is not a function
    at N (C:\Users\legna\OneDrive\Documentos\Apps\oficina-insufilm\.next\server\app\users\page.js:1:3919)
    at nj (C:\Users\legna\OneDrive\Documentos\Apps\oficina-insufilm\node_modules\next\dist\compiled\next-server\app-page.runtime.prod.js:12:46251)
    at nM (C:\Users\legna\OneDrive\Documentos\Apps\oficina-insufilm\node_modules\next\dist\compiled\next-server\app-page.runtime.prod.js:12:47571)
    at nN (C:\Users\legna\OneDrive\Documentos\Apps\oficina-insufilm\node_modules\next\dist\compiled\next-server\app-page.runtime.prod.js:12:64546)
    at nI (C:\Users\legna\OneDrive\Documentos\Apps\oficina-insufilm\node_modules\next\dist\compiled\next-server\app-page.runtime.prod.js:12:47010)
    at nM (C:\Users\legna\OneDrive\Documentos\Apps\oficina-insufilm\node_modules\next\dist\compiled\next-server\app-page.runtime.prod.js:12:47717)
    at nM (C:\Users\legna\OneDrive\Documentos\Apps\oficina-insufilm\node_modules\next\dist\compiled\next-server\app-page.runtime.prod.js:12:61546)
    at nN (C:\Users\legna\OneDrive\Documentos\Apps\oficina-insufilm\node_modules\next\dist\compiled\next-server\app-page.runtime.prod.js:12:64546)
    at nB (C:\Users\legna\OneDrive\Documentos\Apps\oficina-insufilm\node_modules\next\dist\compiled\next-server\app-page.runtime.prod.js:12:67538)
    at nD (C:\Users\legna\OneDrive\Documentos\Apps\oficina-insufilm\node_modules\next\dist\compiled\next-server\app-page.runtime.prod.js:12:66680)

[info]    Generating static pages (3/14) 

[info]    Generating static pages (6/14) 

[info]    Generating static pages (10/14) 

[info]  ✓ Generating static pages (14/14)

[info] 

[info] > Export encountered errors on following paths:
	/users/page: /users

[debug] [2025-08-13T00:51:11.739Z] Error: ENOENT: no such file or directory, open 'C:\Users\legna\OneDrive\Documentos\Apps\oficina-insufilm\.next\export-marker.json'
[error] 
[error] Error: An unexpected error has occurred.
